11-Apr-2020 14:32:09.195 INFORMACIÓN [main] sun.reflect.NativeMethodAccessorImpl.invoke Nombre de la versión del servidor:   Apache Tomcat (TomEE)/9.0.22 (8.0.0)

11-Apr-2020 14:32:09.198 INFORMACIÓN [main] sun.reflect.NativeMethodAccessorImpl.invoke Server built:          Jul 4 2019 14:20:06 UTC
11-Apr-2020 14:32:09.198 INFORMACIÓN [main] sun.reflect.NativeMethodAccessorImpl.invoke Número de versión de servidor:         9.0.22.0
11-Apr-2020 14:32:09.198 INFORMACIÓN [main] sun.reflect.NativeMethodAccessorImpl.invoke OS Name:               Windows 8.1
11-Apr-2020 14:32:09.198 INFORMACIÓN [main] sun.reflect.NativeMethodAccessorImpl.invoke Versión de Systema Operativo:      6.3

11-Apr-2020 14:32:09.198 INFORMACIÓN [main] sun.reflect.NativeMethodAccessorImpl.invoke Arquitectura:          amd64

11-Apr-2020 14:32:09.198 INFORMACIÓN [main] sun.reflect.NativeMethodAccessorImpl.invoke Java Home:             C:\Program Files\Java\jdk1.8.0_51\jre
11-Apr-2020 14:32:09.199 INFORMACIÓN [main] sun.reflect.NativeMethodAccessorImpl.invoke JVM Version:           1.8.0_51-b16
11-Apr-2020 14:32:09.199 INFORMACIÓN [main] sun.reflect.NativeMethodAccessorImpl.invoke Vededor JVM:     Oracle Corporation
11-Apr-2020 14:32:09.199 INFORMACIÓN [main] sun.reflect.NativeMethodAccessorImpl.invoke CATALINA_BASE:         C:\Users\FanyGmz\eclipse-workplace\book-store-client\target\apache-tomee
11-Apr-2020 14:32:09.199 INFORMACIÓN [main] sun.reflect.NativeMethodAccessorImpl.invoke CATALINA_HOME:         C:\Users\FanyGmz\eclipse-workplace\book-store-client\target\apache-tomee
11-Apr-2020 14:32:09.201 INFORMACIÓN [main] sun.reflect.NativeMethodAccessorImpl.invoke Command line argument: -XX:+HeapDumpOnOutOfMemoryError
11-Apr-2020 14:32:09.201 INFORMACIÓN [main] sun.reflect.NativeMethodAccessorImpl.invoke Command line argument: -Dorg.apache.catalina.STRICT_SERVLET_COMPLIANCE=false
11-Apr-2020 14:32:09.201 INFORMACIÓN [main] sun.reflect.NativeMethodAccessorImpl.invoke Command line argument: -Dopenejb.session.manager=org.apache.tomee.catalina.session.QuickSessionManager
11-Apr-2020 14:32:09.201 INFORMACIÓN [main] sun.reflect.NativeMethodAccessorImpl.invoke Command line argument: -Dtomee.remote.support=true
11-Apr-2020 14:32:09.202 INFORMACIÓN [main] sun.reflect.NativeMethodAccessorImpl.invoke Command line argument: -Dopenejb.system.apps=false
11-Apr-2020 14:32:09.202 INFORMACIÓN [main] sun.reflect.DelegatingMethodAccessorImpl.invoke Command line argument: -Dtomee.jsp-development=true
11-Apr-2020 14:32:09.202 INFORMACIÓN [main] sun.reflect.DelegatingMethodAccessorImpl.invoke Command line argument: -Djava.util.logging.config.file=C:\Users\FanyGmz\eclipse-workplace\book-store-client\target\apache-tomee\conf\logging.properties
11-Apr-2020 14:32:09.202 INFORMACIÓN [main] sun.reflect.DelegatingMethodAccessorImpl.invoke Command line argument: -javaagent:C:\Users\FanyGmz\eclipse-workplace\book-store-client\target\apache-tomee\lib\openejb-javaagent.jar
11-Apr-2020 14:32:09.202 INFORMACIÓN [main] sun.reflect.DelegatingMethodAccessorImpl.invoke Command line argument: -Djava.util.logging.manager=org.apache.juli.ClassLoaderLogManager
11-Apr-2020 14:32:09.202 INFORMACIÓN [main] sun.reflect.DelegatingMethodAccessorImpl.invoke Command line argument: -Djava.io.tmpdir=C:\Users\FanyGmz\eclipse-workplace\book-store-client\target\apache-tomee\temp
11-Apr-2020 14:32:09.202 INFORMACIÓN [main] sun.reflect.DelegatingMethodAccessorImpl.invoke Command line argument: -Dcatalina.base=C:\Users\FanyGmz\eclipse-workplace\book-store-client\target\apache-tomee
11-Apr-2020 14:32:09.202 INFORMACIÓN [main] sun.reflect.DelegatingMethodAccessorImpl.invoke Command line argument: -Dcatalina.home=C:\Users\FanyGmz\eclipse-workplace\book-store-client\target\apache-tomee
11-Apr-2020 14:32:09.202 INFORMACIÓN [main] sun.reflect.DelegatingMethodAccessorImpl.invoke Command line argument: -Dcatalina.ext.dirs=C:\Users\FanyGmz\eclipse-workplace\book-store-client\target\apache-tomee\lib
11-Apr-2020 14:32:09.202 INFORMACIÓN [main] sun.reflect.DelegatingMethodAccessorImpl.invoke Command line argument: -Dorg.apache.tomcat.util.http.ServerCookie.ALLOW_HTTP_SEPARATORS_IN_V0=true
11-Apr-2020 14:32:09.202 INFORMACIÓN [main] sun.reflect.DelegatingMethodAccessorImpl.invoke Command line argument: -ea
11-Apr-2020 14:32:09.202 INFORMACIÓN [main] sun.reflect.DelegatingMethodAccessorImpl.invoke La biblioteca nativa de Apache Tomcat basada en ARP que permite un rendimiento óptimo en entornos de desarrollo no ha sido hallada en java.library.path: [C:\Program Files\Java\jdk1.8.0_51\jre\bin;C:\Windows\Sun\Java\bin;C:\Windows\system32;C:\Windows;C:\Users\FanyGmz\bin;C:\Program Files\Git\mingw64\bin;C:\Program Files\Git\usr\local\bin;C:\Program Files\Git\usr\bin;C:\Program Files\Git\usr\bin;C:\Program Files\Git\mingw64\bin;C:\Program Files\Git\usr\bin;C:\Users\FanyGmz\bin;C:\Program Files (x86)\Common Files\Oracle\Java\javapath;C:\ProgramData\Oracle\Java\javapath;C:\Windows\system32;C:\Windows;C:\Windows\System32\Wbem;C:\Windows\System32\WindowsPowerShell\v1.0;C:\Windows\System32\OpenSSH;C:\Program Files\TortoiseSVN\bin;C:\Program Files\nodejs;C:\Program Files\Git\cmd;C:\Program Files\Java\jdk1.8.0_51\bin;C:\opt\apache-maven-3.6.3\bin;C:\Users\FanyGmz\AppData\Local\Microsoft\WindowsApps;C:\Users\FanyLu\AppData\Roaming\npm;C:\Users\FanyLu\AppData\Local\Programs\Microsoft VS Code\bin;C:\Program Files\Git\usr\bin\vendor_perl;C:\Program Files\Git\usr\bin\core_perl;.]
11-Apr-2020 14:32:09.601 INFORMACIÓN [main] sun.reflect.DelegatingMethodAccessorImpl.invoke Inicializando el manejador de protocolo ["http-nio-8081"]

11-Apr-2020 14:32:09.638 INFORMACIÓN [main] sun.reflect.DelegatingMethodAccessorImpl.invoke Inicializando el manejador de protocolo ["ajp-nio-8009"]

11-Apr-2020 14:32:09.950 INFORMACIÓN [main] org.apache.openejb.util.OptionsLog.info Using 'tomee.remote.support=true'
11-Apr-2020 14:32:09.966 INFORMACIÓN [main] org.apache.openejb.util.OptionsLog.info Using 'openejb.jdbc.datasource-creator=org.apache.tomee.jdbc.TomEEDataSourceCreator'
11-Apr-2020 14:32:10.074 INFORMACIÓN [main] org.apache.openejb.OpenEJB$Instance.<init> ********************************************************************************
11-Apr-2020 14:32:10.074 INFORMACIÓN [main] org.apache.openejb.OpenEJB$Instance.<init> OpenEJB http://tomee.apache.org/
11-Apr-2020 14:32:10.074 INFORMACIÓN [main] org.apache.openejb.OpenEJB$Instance.<init> Startup: Sat Apr 11 14:32:10 CST 2020
11-Apr-2020 14:32:10.074 INFORMACIÓN [main] org.apache.openejb.OpenEJB$Instance.<init> Copyright 1999-2018 (C) Apache OpenEJB Project, All Rights Reserved.
11-Apr-2020 14:32:10.075 INFORMACIÓN [main] org.apache.openejb.OpenEJB$Instance.<init> Version: 8.0.0
11-Apr-2020 14:32:10.075 INFORMACIÓN [main] org.apache.openejb.OpenEJB$Instance.<init> Build date: 20190913
11-Apr-2020 14:32:10.075 INFORMACIÓN [main] org.apache.openejb.OpenEJB$Instance.<init> Build time: 12:20
11-Apr-2020 14:32:10.075 INFORMACIÓN [main] org.apache.openejb.OpenEJB$Instance.<init> ********************************************************************************
11-Apr-2020 14:32:10.075 INFORMACIÓN [main] org.apache.openejb.OpenEJB$Instance.<init> openejb.home = C:\Users\FanyGmz\eclipse-workplace\book-store-client\target\apache-tomee
11-Apr-2020 14:32:10.075 INFORMACIÓN [main] org.apache.openejb.OpenEJB$Instance.<init> openejb.base = C:\Users\FanyGmz\eclipse-workplace\book-store-client\target\apache-tomee
11-Apr-2020 14:32:10.077 INFORMACIÓN [main] org.apache.openejb.cdi.CdiBuilder.initializeOWB Created new singletonService org.apache.openejb.cdi.ThreadSingletonServiceImpl@63021689
11-Apr-2020 14:32:10.079 INFORMACIÓN [main] org.apache.openejb.cdi.CdiBuilder.initializeOWB Succeeded in installing singleton service
11-Apr-2020 14:32:10.115 INFORMACIÓN [main] org.apache.openejb.config.ConfigurationFactory.init TomEE configuration file is 'C:\Users\FanyGmz\eclipse-workplace\book-store-client\target\apache-tomee\conf\tomee.xml'
11-Apr-2020 14:32:10.165 INFORMACIÓN [main] org.apache.openejb.config.ConfigurationFactory.configureService Configuring Service(id=Tomcat Security Service, type=SecurityService, provider-id=Tomcat Security Service)
11-Apr-2020 14:32:10.167 INFORMACIÓN [main] org.apache.openejb.config.ConfigurationFactory.configureService Configuring Service(id=Default Transaction Manager, type=TransactionManager, provider-id=Default Transaction Manager)
11-Apr-2020 14:32:10.170 INFORMACIÓN [main] org.apache.openejb.util.OptionsLog.info Using 'openejb.system.apps=false'
11-Apr-2020 14:32:10.170 INFORMACIÓN [main] org.apache.openejb.util.OptionsLog.info Using 'openejb.deployments.classpath=false'
11-Apr-2020 14:32:10.172 INFORMACIÓN [main] org.apache.openejb.assembler.classic.Assembler.createRecipe Creating TransactionManager(id=Default Transaction Manager)
11-Apr-2020 14:32:10.228 INFORMACIÓN [main] org.apache.openejb.assembler.classic.Assembler.createRecipe Creating SecurityService(id=Tomcat Security Service)
11-Apr-2020 14:32:10.353 INFORMACIÓN [main] org.apache.openejb.server.ServiceManager.initServer Creating ServerService(id=cxf-rs)
11-Apr-2020 14:32:10.503 INFORMACIÓN [main] org.apache.openejb.server.SimpleServiceManager.start   ** Bound Services **
11-Apr-2020 14:32:10.503 INFORMACIÓN [main] org.apache.openejb.server.SimpleServiceManager.printRow   NAME                 IP              PORT  
11-Apr-2020 14:32:10.503 INFORMACIÓN [main] org.apache.openejb.server.SimpleServiceManager.start -------
11-Apr-2020 14:32:10.504 INFORMACIÓN [main] org.apache.openejb.server.SimpleServiceManager.start Ready!
11-Apr-2020 14:32:10.504 INFORMACIÓN [main] sun.reflect.DelegatingMethodAccessorImpl.invoke Server initialization in [1.582] milliseconds
11-Apr-2020 14:32:10.527 INFORMACIÓN [main] org.apache.tomee.catalina.OpenEJBNamingContextListener.bindResource Importing a Tomcat Resource with id 'UserDatabase' of type 'org.apache.catalina.UserDatabase'.
11-Apr-2020 14:32:10.528 INFORMACIÓN [main] org.apache.openejb.assembler.classic.Assembler.createRecipe Creating Resource(id=UserDatabase)
11-Apr-2020 14:32:10.540 INFORMACIÓN [main] sun.reflect.DelegatingMethodAccessorImpl.invoke Arrancando servicio [Catalina]
11-Apr-2020 14:32:10.540 INFORMACIÓN [main] sun.reflect.DelegatingMethodAccessorImpl.invoke Starting Servlet engine: [Apache Tomcat (TomEE)/9.0.22 (8.0.0)]
11-Apr-2020 14:32:10.559 INFORMACIÓN [main] sun.reflect.DelegatingMethodAccessorImpl.invoke Despliegue del archivo [C:\Users\FanyGmz\eclipse-workplace\book-store-client\target\apache-tomee\webapps\restapi.war] de la aplicación web
11-Apr-2020 14:32:10.570 INFORMACIÓN [main] org.apache.tomee.catalina.TomcatWebAppBuilder.init ------------------------- localhost -> /restapi
11-Apr-2020 14:32:10.573 INFORMACIÓN [main] org.apache.openejb.util.JarExtractor.extract Extracting jar: C:\Users\FanyGmz\eclipse-workplace\book-store-client\target\apache-tomee\webapps\restapi.war
11-Apr-2020 14:32:10.945 INFORMACIÓN [main] org.apache.openejb.util.JarExtractor.extract Extracted path: C:\Users\FanyGmz\eclipse-workplace\book-store-client\target\apache-tomee\webapps\restapi
11-Apr-2020 14:32:10.945 INFORMACIÓN [main] org.apache.openejb.util.OptionsLog.info Using 'openejb.session.manager=org.apache.tomee.catalina.session.QuickSessionManager'
11-Apr-2020 14:32:11.082 INFORMACIÓN [main] org.apache.openejb.util.OptionsLog.info Using 'tomee.mp.scan=all'
11-Apr-2020 14:32:11.657 INFORMACIÓN [main] org.apache.openejb.config.ConfigurationFactory.configureApplication Configuring enterprise application: C:\Users\FanyGmz\eclipse-workplace\book-store-client\target\apache-tomee\webapps\restapi
11-Apr-2020 14:32:11.965 INFORMACIÓN [main] org.apache.openejb.config.ConfigurationFactory.configureService Configuring Service(id=Default Managed Container, type=Container, provider-id=Default Managed Container)
11-Apr-2020 14:32:11.965 INFORMACIÓN [main] org.apache.openejb.config.AutoConfig.createContainer Auto-creating a container for bean restapi.Comp3886839: Container(type=MANAGED, id=Default Managed Container)
11-Apr-2020 14:32:11.966 INFORMACIÓN [main] org.apache.openejb.assembler.classic.Assembler.createRecipe Creating Container(id=Default Managed Container)
11-Apr-2020 14:32:11.977 INFORMACIÓN [main] org.apache.openejb.core.managed.SimplePassivater.init Using directory C:\Users\FanyGmz\eclipse-workplace\book-store-client\target\apache-tomee\temp for stateful session passivation
11-Apr-2020 14:32:12.030 ADVERTENCIA [main] org.apache.openejb.config.ReportValidationResults.logResults WARN ... WebModule{moduleId='restapi', contextRoot='restapi'}:	Incorrect location of file file:/C:/Users/FanyGmz/eclipse-workplace/book-store-client/target/apache-tomee/webapps/restapi/beans.xml The file should be in WEB-INF directory
11-Apr-2020 14:32:12.030 ADVERTENCIA [main] org.apache.openejb.config.ReportValidationResults.logResults 1 warning for WebModule(path=restapi)
11-Apr-2020 14:32:12.030 INFORMACIÓN [main] org.apache.openejb.config.AppInfoBuilder.build Enterprise application "C:\Users\FanyGmz\eclipse-workplace\book-store-client\target\apache-tomee\webapps\restapi" loaded.
11-Apr-2020 14:32:12.429 INFORMACIÓN [main] org.apache.openejb.assembler.classic.Assembler.createApplication Assembling app: C:\Users\FanyGmz\eclipse-workplace\book-store-client\target\apache-tomee\webapps\restapi
11-Apr-2020 14:32:12.559 INFORMACIÓN [main] org.apache.openejb.cdi.CdiBuilder.initSingleton Existing thread singleton service in SystemInstance(): org.apache.openejb.cdi.ThreadSingletonServiceImpl@63021689
11-Apr-2020 14:32:12.693 INFORMACIÓN [main] org.apache.openejb.cdi.OpenEJBLifecycle.startApplication OpenWebBeans Container is starting...
11-Apr-2020 14:32:12.701 INFORMACIÓN [main] org.apache.webbeans.plugins.PluginLoader.startUp Adding OpenWebBeansPlugin : [CdiPlugin]
11-Apr-2020 14:32:12.704 INFORMACIÓN [main] org.apache.openejb.cdi.CdiScanner.handleBda Using annotated mode for jar:file:/C:/Users/FanyGmz/eclipse-workplace/book-store-client/target/apache-tomee/lib/geronimo-config-impl-1.2.1.jar!/META-INF/beans.xml looking all classes to find CDI beans, maybe think to add a beans.xml if not there or add the jar to exclusions.list
11-Apr-2020 14:32:12.971 INFORMACIÓN [main] org.apache.openejb.cdi.CdiScanner.handleBda Using annotated mode for file:/C:/Users/FanyGmz/eclipse-workplace/book-store-client/target/apache-tomee/webapps/restapi/WEB-INF/classes/ looking all classes to find CDI beans, maybe think to add a beans.xml if not there or add the jar to exclusions.list
11-Apr-2020 14:32:13.213 INFORMACIÓN [main] org.apache.geronimo.config.configsource.PropertyFileConfigSourceProvider.<init> Custom config found by GeronimoConfig. Name: 'META-INF/microprofile-config.properties', URL: 'file:/C:/Users/FanyGmz/eclipse-workplace/book-store-client/target/apache-tomee/webapps/restapi/WEB-INF/classes/META-INF/microprofile-config.properties'
11-Apr-2020 14:32:13.220 INFORMACIÓN [main] org.apache.openejb.util.OptionsLog.info Using 'tomee.mp.scan=all'
11-Apr-2020 14:32:13.863 INFORMACIÓN [main] org.apache.webbeans.config.BeansDeployer.validateInjectionPoints All injection points were validated successfully.
11-Apr-2020 14:32:13.903 INFORMACIÓN [main] org.apache.openejb.cdi.OpenEJBLifecycle.startApplication OpenWebBeans Container has started, it took 1210 ms.
11-Apr-2020 14:32:13.956 INFORMACIÓN [main] org.apache.openejb.assembler.classic.Assembler.createApplication Deployed Application(path=C:\Users\FanyGmz\eclipse-workplace\book-store-client\target\apache-tomee\webapps\restapi)
11-Apr-2020 14:32:14.119 INFORMACIÓN [main] org.apache.myfaces.ee.MyFacesContainerInitializer.onStartup Using org.apache.myfaces.ee.MyFacesContainerInitializer
11-Apr-2020 14:32:14.162 INFORMACIÓN [main] org.apache.myfaces.ee.MyFacesContainerInitializer.onStartup Added FacesServlet with mappings=[/faces/*, *.jsf, *.faces, *.xhtml]
11-Apr-2020 14:32:14.287 INFORMACIÓN [main] org.apache.jasper.servlet.TldScanner.scanJars Al menos un JAR, que se ha explorado buscando TLDs, aún no contenía TLDs. Activar historial de depuración para este historiador para una completa lista de los JARs que fueron explorados y de los que nos se halló TLDs. Saltarse JARs no necesarios durante la exploración puede dar lugar a una mejora de tiempo significativa en el arranque y compilación de JSP .
11-Apr-2020 14:32:14.297 INFORMACIÓN [main] org.apache.tomee.myfaces.TomEEMyFacesContainerInitializer.addListener Installing <listener>org.apache.myfaces.webapp.StartupServletContextListener</listener>
11-Apr-2020 14:32:14.379 INFORMACIÓN [main] org.apache.myfaces.config.DefaultFacesConfigurationProvider.getStandardFacesConfig Reading standard config META-INF/standard-faces-config.xml
11-Apr-2020 14:32:14.645 INFORMACIÓN [main] org.apache.myfaces.config.DefaultFacesConfigurationProvider.getClassloaderFacesConfig Reading config : jar:file:/C:/Users/FanyGmz/eclipse-workplace/book-store-client/target/apache-tomee/lib/openwebbeans-jsf-2.0.9.jar!/META-INF/faces-config.xml
11-Apr-2020 14:32:14.647 INFORMACIÓN [main] org.apache.myfaces.config.DefaultFacesConfigurationProvider.getClassloaderFacesConfig Reading config : jar:file:/C:/Users/FanyGmz/eclipse-workplace/book-store-client/target/apache-tomee/lib/openwebbeans-el22-2.0.9.jar!/META-INF/faces-config.xml
11-Apr-2020 14:32:14.821 INFORMACIÓN [main] org.apache.myfaces.config.LogMetaInfUtils.logArtifact Artifact 'myfaces-api' was found in version '2.3.4' from path 'file:/C:/Users/FanyGmz/eclipse-workplace/book-store-client/target/apache-tomee/lib/myfaces-api-2.3.4.jar'
11-Apr-2020 14:32:14.821 INFORMACIÓN [main] org.apache.myfaces.config.LogMetaInfUtils.logArtifact Artifact 'myfaces-impl' was found in version '2.3.4' from path 'file:/C:/Users/FanyGmz/eclipse-workplace/book-store-client/target/apache-tomee/lib/myfaces-impl-2.3.4.jar'
11-Apr-2020 14:32:14.836 INFORMACIÓN [main] org.apache.myfaces.util.ExternalSpecifications.isCDIAvailable MyFaces CDI support enabled
11-Apr-2020 14:32:14.838 INFORMACIÓN [main] org.apache.myfaces.spi.impl.DefaultInjectionProviderFactory.getInjectionProvider Using InjectionProvider org.apache.myfaces.spi.impl.CDIAnnotationDelegateInjectionProvider
11-Apr-2020 14:32:14.903 INFORMACIÓN [main] org.apache.myfaces.util.ExternalSpecifications.isBeanValidationAvailable MyFaces Bean Validation support enabled
11-Apr-2020 14:32:14.945 INFORMACIÓN [main] org.apache.myfaces.application.ApplicationImpl.getProjectStage Couldn't discover the current project stage, using Production
11-Apr-2020 14:32:14.947 INFORMACIÓN [main] org.apache.myfaces.config.FacesConfigurator.handleSerialFactory Serialization provider : class org.apache.myfaces.shared_impl.util.serial.DefaultSerialFactory
11-Apr-2020 14:32:14.957 INFORMACIÓN [main] org.apache.myfaces.config.annotation.DefaultLifecycleProviderFactory.getLifecycleProvider Using LifecycleProvider org.apache.myfaces.config.annotation.Tomcat7AnnotationLifecycleProvider
11-Apr-2020 14:32:15.098 INFORMACIÓN [main] org.apache.myfaces.webapp.AbstractFacesInitializer.initFaces ServletContext initialized.
11-Apr-2020 14:32:15.104 INFORMACIÓN [main] org.apache.myfaces.view.facelets.ViewPoolProcessor.initialize org.apache.myfaces.CACHE_EL_EXPRESSIONS web config parameter is set to "noCache". To enable view pooling this param must be set to "alwaysRecompile". View Pooling disabled.
11-Apr-2020 14:32:15.120 INFORMACIÓN [main] org.apache.myfaces.webapp.StartupServletContextListener.contextInitialized MyFaces Core has started, it took [818] ms.
11-Apr-2020 14:32:15.155 INFORMACIÓN [main] org.apache.openejb.util.OptionsLog.info Using 'openejb.cxf-rs.cache-application=false'
11-Apr-2020 14:32:15.602 INFORMACIÓN [main] org.apache.openejb.server.cxf.rs.CxfRsHttpListener.deployApplication Using readers:
11-Apr-2020 14:32:15.602 INFORMACIÓN [main] org.apache.openejb.server.cxf.rs.CxfRsHttpListener.deployApplication      org.apache.cxf.jaxrs.provider.PrimitiveTextProvider@1c4057f9
11-Apr-2020 14:32:15.602 INFORMACIÓN [main] org.apache.openejb.server.cxf.rs.CxfRsHttpListener.deployApplication      org.apache.cxf.jaxrs.provider.FormEncodingProvider@52433946
11-Apr-2020 14:32:15.602 INFORMACIÓN [main] org.apache.openejb.server.cxf.rs.CxfRsHttpListener.deployApplication      org.apache.cxf.jaxrs.provider.MultipartProvider@5403431a
11-Apr-2020 14:32:15.602 INFORMACIÓN [main] org.apache.openejb.server.cxf.rs.CxfRsHttpListener.deployApplication      org.apache.cxf.jaxrs.provider.SourceProvider@ab327c
11-Apr-2020 14:32:15.603 INFORMACIÓN [main] org.apache.openejb.server.cxf.rs.CxfRsHttpListener.deployApplication      org.apache.cxf.jaxrs.provider.JAXBElementTypedProvider@3d798e76
11-Apr-2020 14:32:15.603 INFORMACIÓN [main] org.apache.openejb.server.cxf.rs.CxfRsHttpListener.deployApplication      org.apache.cxf.jaxrs.provider.JAXBElementProvider@763b0996
11-Apr-2020 14:32:15.603 INFORMACIÓN [main] org.apache.openejb.server.cxf.rs.CxfRsHttpListener.deployApplication      org.apache.openejb.server.cxf.rs.johnzon.TomEEJsonbProvider@29892a77
11-Apr-2020 14:32:15.603 INFORMACIÓN [main] org.apache.openejb.server.cxf.rs.CxfRsHttpListener.deployApplication      org.apache.openejb.server.cxf.rs.johnzon.TomEEJsonpProvider@1ddf42dd
11-Apr-2020 14:32:15.603 INFORMACIÓN [main] org.apache.openejb.server.cxf.rs.CxfRsHttpListener.deployApplication      org.apache.cxf.jaxrs.provider.StringTextProvider@5c1c9881
11-Apr-2020 14:32:15.603 INFORMACIÓN [main] org.apache.openejb.server.cxf.rs.CxfRsHttpListener.deployApplication      org.apache.cxf.jaxrs.provider.BinaryDataProvider@1c18ee69
11-Apr-2020 14:32:15.603 INFORMACIÓN [main] org.apache.openejb.server.cxf.rs.CxfRsHttpListener.deployApplication      org.apache.cxf.jaxrs.provider.DataSourceProvider@2f99d8c
11-Apr-2020 14:32:15.603 INFORMACIÓN [main] org.apache.openejb.server.cxf.rs.CxfRsHttpListener.deployApplication Using writers:
11-Apr-2020 14:32:15.603 INFORMACIÓN [main] org.apache.openejb.server.cxf.rs.CxfRsHttpListener.deployApplication      org.apache.johnzon.jaxrs.WadlDocumentMessageBodyWriter@65d7eea4
11-Apr-2020 14:32:15.604 INFORMACIÓN [main] org.apache.openejb.server.cxf.rs.CxfRsHttpListener.deployApplication      org.apache.cxf.jaxrs.nio.NioMessageBodyWriter@5d37aa0f
11-Apr-2020 14:32:15.604 INFORMACIÓN [main] org.apache.openejb.server.cxf.rs.CxfRsHttpListener.deployApplication      org.apache.cxf.jaxrs.provider.StringTextProvider@5c1c9881
11-Apr-2020 14:32:15.604 INFORMACIÓN [main] org.apache.openejb.server.cxf.rs.CxfRsHttpListener.deployApplication      org.apache.cxf.jaxrs.provider.JAXBElementTypedProvider@3d798e76
11-Apr-2020 14:32:15.604 INFORMACIÓN [main] org.apache.openejb.server.cxf.rs.CxfRsHttpListener.deployApplication      org.apache.cxf.jaxrs.provider.PrimitiveTextProvider@1c4057f9
11-Apr-2020 14:32:15.604 INFORMACIÓN [main] org.apache.openejb.server.cxf.rs.CxfRsHttpListener.deployApplication      org.apache.cxf.jaxrs.provider.FormEncodingProvider@52433946
11-Apr-2020 14:32:15.605 INFORMACIÓN [main] org.apache.openejb.server.cxf.rs.CxfRsHttpListener.deployApplication      org.apache.cxf.jaxrs.provider.MultipartProvider@5403431a
11-Apr-2020 14:32:15.605 INFORMACIÓN [main] org.apache.openejb.server.cxf.rs.CxfRsHttpListener.deployApplication      org.apache.geronimo.microprofile.openapi.jaxrs.JacksonOpenAPIYamlBodyWriter@6076c66
11-Apr-2020 14:32:15.605 INFORMACIÓN [main] org.apache.openejb.server.cxf.rs.CxfRsHttpListener.deployApplication      org.apache.cxf.jaxrs.provider.SourceProvider@ab327c
11-Apr-2020 14:32:15.605 INFORMACIÓN [main] org.apache.openejb.server.cxf.rs.CxfRsHttpListener.deployApplication      org.apache.cxf.jaxrs.provider.JAXBElementProvider@763b0996
11-Apr-2020 14:32:15.605 INFORMACIÓN [main] org.apache.openejb.server.cxf.rs.CxfRsHttpListener.deployApplication      org.apache.openejb.server.cxf.rs.johnzon.TomEEJsonbProvider@29892a77
11-Apr-2020 14:32:15.605 INFORMACIÓN [main] org.apache.openejb.server.cxf.rs.CxfRsHttpListener.deployApplication      org.apache.openejb.server.cxf.rs.johnzon.TomEEJsonpProvider@1ddf42dd
11-Apr-2020 14:32:15.605 INFORMACIÓN [main] org.apache.openejb.server.cxf.rs.CxfRsHttpListener.deployApplication      org.apache.cxf.jaxrs.provider.BinaryDataProvider@1c18ee69
11-Apr-2020 14:32:15.605 INFORMACIÓN [main] org.apache.openejb.server.cxf.rs.CxfRsHttpListener.deployApplication      org.apache.cxf.jaxrs.provider.DataSourceProvider@2f99d8c
11-Apr-2020 14:32:15.605 INFORMACIÓN [main] org.apache.openejb.server.cxf.rs.CxfRsHttpListener.deployApplication Using exception mappers:
11-Apr-2020 14:32:15.606 INFORMACIÓN [main] org.apache.openejb.server.cxf.rs.CxfRsHttpListener.deployApplication      org.apache.cxf.jaxrs.impl.WebApplicationExceptionMapper@7e38e254
11-Apr-2020 14:32:15.606 INFORMACIÓN [main] org.apache.openejb.server.cxf.rs.CxfRsHttpListener.deployApplication      org.apache.tomee.microprofile.jwt.MPJWTFilter$MPJWTExceptionMapper@7b3feb26
11-Apr-2020 14:32:15.606 INFORMACIÓN [main] org.apache.openejb.server.cxf.rs.CxfRsHttpListener.deployApplication      org.apache.openejb.server.cxf.rs.EJBExceptionMapper@2830315f
11-Apr-2020 14:32:15.606 INFORMACIÓN [main] org.apache.openejb.server.cxf.rs.CxfRsHttpListener.deployApplication      org.apache.cxf.jaxrs.validation.ValidationExceptionMapper@2e4ecdf8
11-Apr-2020 14:32:15.608 INFORMACIÓN [main] org.apache.openejb.server.cxf.rs.CxfRsHttpListener.logEndpoints REST Application: http://localhost:8081/restapi/                            -> com.kodnito.bookstore.rest.ApplicationConfig@30eedaa4
11-Apr-2020 14:32:15.611 INFORMACIÓN [main] org.apache.openejb.server.cxf.rs.CxfRsHttpListener.logEndpoints      Service URI: http://localhost:8081/restapi/books                       -> Pojo com.kodnito.bookstore.rest.BookStoreEndpoint                            
11-Apr-2020 14:32:15.611 INFORMACIÓN [main] org.apache.openejb.server.cxf.rs.CxfRsHttpListener.logEndpoints               GET http://localhost:8081/restapi/books                       ->      Response books() throws MalformedURLException
11-Apr-2020 14:32:15.612 INFORMACIÓN [main] org.apache.openejb.server.cxf.rs.CxfRsHttpListener.logEndpoints               GET http://localhost:8081/restapi/books/mp-config             ->      Response mpConfig()                          
11-Apr-2020 14:32:15.612 INFORMACIÓN [main] org.apache.openejb.server.cxf.rs.CxfRsHttpListener.logEndpoints      Service URI: http://localhost:8081/restapi/health                      -> Pojo org.apache.geronimo.microprofile.impl.health.cdi.CdiHealthChecksEndpoint
11-Apr-2020 14:32:15.612 INFORMACIÓN [main] org.apache.openejb.server.cxf.rs.CxfRsHttpListener.logEndpoints               GET http://localhost:8081/restapi/health                      ->      Response getChecks()
11-Apr-2020 14:32:15.612 INFORMACIÓN [main] org.apache.openejb.server.cxf.rs.CxfRsHttpListener.logEndpoints      Service URI: http://localhost:8081/restapi/hello                       -> Pojo com.kodnito.bookstore.rest.HelloWorldEndpoint                           
11-Apr-2020 14:32:15.612 INFORMACIÓN [main] org.apache.openejb.server.cxf.rs.CxfRsHttpListener.logEndpoints               GET http://localhost:8081/restapi/hello                       ->      Response doGet()
11-Apr-2020 14:32:15.613 INFORMACIÓN [main] org.apache.openejb.server.cxf.rs.CxfRsHttpListener.logEndpoints      Service URI: http://localhost:8081/restapi/metrics                     -> Pojo org.apache.geronimo.microprofile.metrics.jaxrs.CdiMetricsEndpoints      
11-Apr-2020 14:32:15.613 INFORMACIÓN [main] org.apache.openejb.server.cxf.rs.CxfRsHttpListener.logEndpoints               GET http://localhost:8081/restapi/metrics                     ->      Object getJson(SecurityContext, UriInfo)                    
11-Apr-2020 14:32:15.613 INFORMACIÓN [main] org.apache.openejb.server.cxf.rs.CxfRsHttpListener.logEndpoints               GET http://localhost:8081/restapi/metrics                     ->      String getText(SecurityContext, UriInfo)                    
11-Apr-2020 14:32:15.613 INFORMACIÓN [main] org.apache.openejb.server.cxf.rs.CxfRsHttpListener.logEndpoints               GET http://localhost:8081/restapi/metrics/{registry}          ->      Object getJson(String, SecurityContext, UriInfo)            
11-Apr-2020 14:32:15.613 INFORMACIÓN [main] org.apache.openejb.server.cxf.rs.CxfRsHttpListener.logEndpoints               GET http://localhost:8081/restapi/metrics/{registry}          ->      String getText(String, SecurityContext, UriInfo)            
11-Apr-2020 14:32:15.613 INFORMACIÓN [main] org.apache.openejb.server.cxf.rs.CxfRsHttpListener.logEndpoints               GET http://localhost:8081/restapi/metrics/{registry}/{metric} ->      Object getJson(String, String, SecurityContext, UriInfo)    
11-Apr-2020 14:32:15.613 INFORMACIÓN [main] org.apache.openejb.server.cxf.rs.CxfRsHttpListener.logEndpoints               GET http://localhost:8081/restapi/metrics/{registry}/{metric} ->      String getText(String, String, SecurityContext, UriInfo)    
11-Apr-2020 14:32:15.613 INFORMACIÓN [main] org.apache.openejb.server.cxf.rs.CxfRsHttpListener.logEndpoints           OPTIONS http://localhost:8081/restapi/metrics/{registry}          ->      Object getMetadata(String, SecurityContext, UriInfo)        
11-Apr-2020 14:32:15.613 INFORMACIÓN [main] org.apache.openejb.server.cxf.rs.CxfRsHttpListener.logEndpoints           OPTIONS http://localhost:8081/restapi/metrics/{registry}/{metric} ->      Object getMetadata(String, String, SecurityContext, UriInfo)
11-Apr-2020 14:32:15.614 INFORMACIÓN [main] org.apache.openejb.server.cxf.rs.CxfRsHttpListener.logEndpoints      Service URI: http://localhost:8081/restapi/openapi                     -> Pojo org.apache.geronimo.microprofile.openapi.jaxrs.OpenAPIEndpoint          
11-Apr-2020 14:32:15.614 INFORMACIÓN [main] org.apache.openejb.server.cxf.rs.CxfRsHttpListener.logEndpoints               GET http://localhost:8081/restapi/openapi                     ->      OpenAPI get()
11-Apr-2020 14:32:15.652 INFORMACIÓN [main] sun.reflect.DelegatingMethodAccessorImpl.invoke Deployment of web application archive [C:\Users\FanyGmz\eclipse-workplace\book-store-client\target\apache-tomee\webapps\restapi.war] has finished in [5.093] ms
11-Apr-2020 14:32:15.663 INFORMACIÓN [main] org.apache.catalina.core.StandardContext.setClassLoaderProperty Unable to set the web application class loader property [clearReferencesRmiTargets] to [true] as the property does not exist.
11-Apr-2020 14:32:15.663 INFORMACIÓN [main] org.apache.catalina.core.StandardContext.setClassLoaderProperty Unable to set the web application class loader property [clearReferencesObjectStreamClassCaches] to [true] as the property does not exist.
11-Apr-2020 14:32:15.663 INFORMACIÓN [main] org.apache.catalina.core.StandardContext.setClassLoaderProperty Unable to set the web application class loader property [clearReferencesObjectStreamClassCaches] to [true] as the property does not exist.
11-Apr-2020 14:32:15.663 INFORMACIÓN [main] org.apache.catalina.core.StandardContext.setClassLoaderProperty Unable to set the web application class loader property [clearReferencesThreadLocals] to [true] as the property does not exist.
11-Apr-2020 14:32:15.684 INFORMACIÓN [main] sun.reflect.DelegatingMethodAccessorImpl.invoke Starting ProtocolHandler ["http-nio-8081"]
11-Apr-2020 14:32:15.695 INFORMACIÓN [main] sun.reflect.DelegatingMethodAccessorImpl.invoke Starting ProtocolHandler ["ajp-nio-8009"]
11-Apr-2020 14:32:15.698 INFORMACIÓN [main] sun.reflect.DelegatingMethodAccessorImpl.invoke Server startup in [5.193] milliseconds
11-Apr-2020 14:32:22.801 INFORMACIÓN [http-nio-8081-exec-3] org.apache.geronimo.microprofile.opentracing.microprofile.zipkin.ZipkinLogger.onZipkinSpan [{"annotations":[{"timestamp":1586637142358000,"value":"sr"},{"timestamp":1586637142746000,"value":"ss"}],"binaryAnnotations":[{"key":"http.status_code","type":3,"value":200},{"key":"component","type":6,"value":"jaxrs"},{"key":"span.kind","type":6,"value":"server"},{"key":"http.url","type":6,"value":"http://localhost:8081/restapi/health"},{"key":"http.method","type":6,"value":"GET"}],"duration":388000,"id":2,"kind":"SERVER","localEndpoint":{"ipv4":"127.0.0.1","port":8081,"serviceName":"FANY-PC_6936"},"name":"GET:org.apache.geronimo.microprofile.impl.health.cdi.CdiHealthChecksEndpoint.getChecks","parentId":0,"tags":{"http.status_code":"200","component":"jaxrs","http.url":"http://localhost:8081/restapi/health","http.method":"GET"},"timestamp":1586637142358000,"traceId":1}]
11-Apr-2020 14:32:33.717 INFORMACIÓN [http-nio-8081-exec-4] org.apache.geronimo.microprofile.opentracing.microprofile.zipkin.ZipkinLogger.onZipkinSpan [{"annotations":[{"timestamp":1586637153680000,"value":"sr"},{"timestamp":1586637153716000,"value":"ss"}],"binaryAnnotations":[{"key":"http.status_code","type":3,"value":200},{"key":"component","type":6,"value":"jaxrs"},{"key":"span.kind","type":6,"value":"server"},{"key":"http.url","type":6,"value":"http://localhost:8081/restapi/health"},{"key":"http.method","type":6,"value":"GET"}],"duration":36000,"id":4,"kind":"SERVER","localEndpoint":{"ipv4":"127.0.0.1","port":8081,"serviceName":"FANY-PC_6936"},"name":"GET:org.apache.geronimo.microprofile.impl.health.cdi.CdiHealthChecksEndpoint.getChecks","parentId":0,"tags":{"http.status_code":"200","component":"jaxrs","http.url":"http://localhost:8081/restapi/health","http.method":"GET"},"timestamp":1586637153680000,"traceId":3}]
11-Apr-2020 14:32:35.003 INFORMACIÓN [http-nio-8081-exec-5] org.apache.geronimo.microprofile.opentracing.microprofile.zipkin.ZipkinLogger.onZipkinSpan [{"annotations":[{"timestamp":1586637154994000,"value":"sr"},{"timestamp":1586637155003000,"value":"ss"}],"binaryAnnotations":[{"key":"http.status_code","type":3,"value":200},{"key":"component","type":6,"value":"jaxrs"},{"key":"span.kind","type":6,"value":"server"},{"key":"http.url","type":6,"value":"http://localhost:8081/restapi/health"},{"key":"http.method","type":6,"value":"GET"}],"duration":9000,"id":6,"kind":"SERVER","localEndpoint":{"ipv4":"127.0.0.1","port":8081,"serviceName":"FANY-PC_6936"},"name":"GET:org.apache.geronimo.microprofile.impl.health.cdi.CdiHealthChecksEndpoint.getChecks","parentId":0,"tags":{"http.status_code":"200","component":"jaxrs","http.url":"http://localhost:8081/restapi/health","http.method":"GET"},"timestamp":1586637154994000,"traceId":5}]
11-Apr-2020 14:32:36.021 INFORMACIÓN [http-nio-8081-exec-6] org.apache.geronimo.microprofile.opentracing.microprofile.zipkin.ZipkinLogger.onZipkinSpan [{"annotations":[{"timestamp":1586637156010000,"value":"sr"},{"timestamp":1586637156019000,"value":"ss"}],"binaryAnnotations":[{"key":"http.status_code","type":3,"value":200},{"key":"component","type":6,"value":"jaxrs"},{"key":"span.kind","type":6,"value":"server"},{"key":"http.url","type":6,"value":"http://localhost:8081/restapi/health"},{"key":"http.method","type":6,"value":"GET"}],"duration":9000,"id":8,"kind":"SERVER","localEndpoint":{"ipv4":"127.0.0.1","port":8081,"serviceName":"FANY-PC_6936"},"name":"GET:org.apache.geronimo.microprofile.impl.health.cdi.CdiHealthChecksEndpoint.getChecks","parentId":0,"tags":{"http.status_code":"200","component":"jaxrs","http.url":"http://localhost:8081/restapi/health","http.method":"GET"},"timestamp":1586637156010000,"traceId":7}]
11-Apr-2020 14:32:36.856 INFORMACIÓN [http-nio-8081-exec-7] org.apache.geronimo.microprofile.opentracing.microprofile.zipkin.ZipkinLogger.onZipkinSpan [{"annotations":[{"timestamp":1586637156846000,"value":"sr"},{"timestamp":1586637156855000,"value":"ss"}],"binaryAnnotations":[{"key":"http.status_code","type":3,"value":200},{"key":"component","type":6,"value":"jaxrs"},{"key":"span.kind","type":6,"value":"server"},{"key":"http.url","type":6,"value":"http://localhost:8081/restapi/health"},{"key":"http.method","type":6,"value":"GET"}],"duration":9000,"id":10,"kind":"SERVER","localEndpoint":{"ipv4":"127.0.0.1","port":8081,"serviceName":"FANY-PC_6936"},"name":"GET:org.apache.geronimo.microprofile.impl.health.cdi.CdiHealthChecksEndpoint.getChecks","parentId":0,"tags":{"http.status_code":"200","component":"jaxrs","http.url":"http://localhost:8081/restapi/health","http.method":"GET"},"timestamp":1586637156846000,"traceId":9}]
11-Apr-2020 14:32:38.837 INFORMACIÓN [http-nio-8081-exec-8] org.apache.geronimo.microprofile.opentracing.microprofile.zipkin.ZipkinLogger.onZipkinSpan [{"annotations":[{"timestamp":1586637158825000,"value":"sr"},{"timestamp":1586637158836000,"value":"ss"}],"binaryAnnotations":[{"key":"http.status_code","type":3,"value":200},{"key":"component","type":6,"value":"jaxrs"},{"key":"span.kind","type":6,"value":"server"},{"key":"http.url","type":6,"value":"http://localhost:8081/restapi/health"},{"key":"http.method","type":6,"value":"GET"}],"duration":11000,"id":12,"kind":"SERVER","localEndpoint":{"ipv4":"127.0.0.1","port":8081,"serviceName":"FANY-PC_6936"},"name":"GET:org.apache.geronimo.microprofile.impl.health.cdi.CdiHealthChecksEndpoint.getChecks","parentId":0,"tags":{"http.status_code":"200","component":"jaxrs","http.url":"http://localhost:8081/restapi/health","http.method":"GET"},"timestamp":1586637158825000,"traceId":11}]
11-Apr-2020 14:32:39.896 INFORMACIÓN [http-nio-8081-exec-9] org.apache.geronimo.microprofile.opentracing.microprofile.zipkin.ZipkinLogger.onZipkinSpan [{"annotations":[{"timestamp":1586637159886000,"value":"sr"},{"timestamp":1586637159895000,"value":"ss"}],"binaryAnnotations":[{"key":"http.status_code","type":3,"value":200},{"key":"component","type":6,"value":"jaxrs"},{"key":"span.kind","type":6,"value":"server"},{"key":"http.url","type":6,"value":"http://localhost:8081/restapi/health"},{"key":"http.method","type":6,"value":"GET"}],"duration":9000,"id":14,"kind":"SERVER","localEndpoint":{"ipv4":"127.0.0.1","port":8081,"serviceName":"FANY-PC_6936"},"name":"GET:org.apache.geronimo.microprofile.impl.health.cdi.CdiHealthChecksEndpoint.getChecks","parentId":0,"tags":{"http.status_code":"200","component":"jaxrs","http.url":"http://localhost:8081/restapi/health","http.method":"GET"},"timestamp":1586637159886000,"traceId":13}]
11-Apr-2020 14:32:43.479 INFORMACIÓN [http-nio-8081-exec-10] org.apache.geronimo.microprofile.opentracing.microprofile.zipkin.ZipkinLogger.onZipkinSpan [{"annotations":[{"timestamp":1586637163425000,"value":"sr"},{"timestamp":1586637163478000,"value":"ss"}],"binaryAnnotations":[{"key":"http.status_code","type":3,"value":200},{"key":"component","type":6,"value":"jaxrs"},{"key":"span.kind","type":6,"value":"server"},{"key":"http.url","type":6,"value":"http://localhost:8081/restapi/books/mp-config"},{"key":"http.method","type":6,"value":"GET"}],"duration":53000,"id":16,"kind":"SERVER","localEndpoint":{"ipv4":"127.0.0.1","port":8081,"serviceName":"FANY-PC_6936"},"name":"GET:com.kodnito.bookstore.rest.BookStoreEndpoint.mpConfig","parentId":0,"tags":{"http.status_code":"200","component":"jaxrs","http.url":"http://localhost:8081/restapi/books/mp-config","http.method":"GET"},"timestamp":1586637163425000,"traceId":15}]
11-Apr-2020 14:32:46.872 INFORMACIÓN [http-nio-8081-exec-2] org.apache.geronimo.microprofile.opentracing.microprofile.zipkin.ZipkinLogger.onZipkinSpan [{"annotations":[{"timestamp":1586637166861000,"value":"sr"},{"timestamp":1586637166871000,"value":"ss"}],"binaryAnnotations":[{"key":"http.status_code","type":3,"value":200},{"key":"component","type":6,"value":"jaxrs"},{"key":"span.kind","type":6,"value":"server"},{"key":"http.url","type":6,"value":"http://localhost:8081/restapi/health"},{"key":"http.method","type":6,"value":"GET"}],"duration":10000,"id":18,"kind":"SERVER","localEndpoint":{"ipv4":"127.0.0.1","port":8081,"serviceName":"FANY-PC_6936"},"name":"GET:org.apache.geronimo.microprofile.impl.health.cdi.CdiHealthChecksEndpoint.getChecks","parentId":0,"tags":{"http.status_code":"200","component":"jaxrs","http.url":"http://localhost:8081/restapi/health","http.method":"GET"},"timestamp":1586637166861000,"traceId":17}]
11-Apr-2020 14:32:47.579 INFORMACIÓN [http-nio-8081-exec-1] org.apache.geronimo.microprofile.opentracing.microprofile.zipkin.ZipkinLogger.onZipkinSpan [{"annotations":[{"timestamp":1586637167571000,"value":"sr"},{"timestamp":1586637167578000,"value":"ss"}],"binaryAnnotations":[{"key":"http.status_code","type":3,"value":200},{"key":"component","type":6,"value":"jaxrs"},{"key":"span.kind","type":6,"value":"server"},{"key":"http.url","type":6,"value":"http://localhost:8081/restapi/health"},{"key":"http.method","type":6,"value":"GET"}],"duration":7000,"id":20,"kind":"SERVER","localEndpoint":{"ipv4":"127.0.0.1","port":8081,"serviceName":"FANY-PC_6936"},"name":"GET:org.apache.geronimo.microprofile.impl.health.cdi.CdiHealthChecksEndpoint.getChecks","parentId":0,"tags":{"http.status_code":"200","component":"jaxrs","http.url":"http://localhost:8081/restapi/health","http.method":"GET"},"timestamp":1586637167571000,"traceId":19}]
11-Apr-2020 14:32:48.288 INFORMACIÓN [http-nio-8081-exec-3] org.apache.geronimo.microprofile.opentracing.microprofile.zipkin.ZipkinLogger.onZipkinSpan [{"annotations":[{"timestamp":1586637168280000,"value":"sr"},{"timestamp":1586637168287000,"value":"ss"}],"binaryAnnotations":[{"key":"http.status_code","type":3,"value":200},{"key":"component","type":6,"value":"jaxrs"},{"key":"span.kind","type":6,"value":"server"},{"key":"http.url","type":6,"value":"http://localhost:8081/restapi/health"},{"key":"http.method","type":6,"value":"GET"}],"duration":7000,"id":22,"kind":"SERVER","localEndpoint":{"ipv4":"127.0.0.1","port":8081,"serviceName":"FANY-PC_6936"},"name":"GET:org.apache.geronimo.microprofile.impl.health.cdi.CdiHealthChecksEndpoint.getChecks","parentId":0,"tags":{"http.status_code":"200","component":"jaxrs","http.url":"http://localhost:8081/restapi/health","http.method":"GET"},"timestamp":1586637168280000,"traceId":21}]
11-Apr-2020 14:32:50.898 INFORMACIÓN [http-nio-8081-exec-4] org.apache.geronimo.microprofile.opentracing.microprofile.zipkin.ZipkinLogger.onZipkinSpan [{"annotations":[{"timestamp":1586637170890000,"value":"sr"},{"timestamp":1586637170897000,"value":"ss"}],"binaryAnnotations":[{"key":"http.status_code","type":3,"value":200},{"key":"component","type":6,"value":"jaxrs"},{"key":"span.kind","type":6,"value":"server"},{"key":"http.url","type":6,"value":"http://localhost:8081/restapi/health"},{"key":"http.method","type":6,"value":"GET"}],"duration":7000,"id":24,"kind":"SERVER","localEndpoint":{"ipv4":"127.0.0.1","port":8081,"serviceName":"FANY-PC_6936"},"name":"GET:org.apache.geronimo.microprofile.impl.health.cdi.CdiHealthChecksEndpoint.getChecks","parentId":0,"tags":{"http.status_code":"200","component":"jaxrs","http.url":"http://localhost:8081/restapi/health","http.method":"GET"},"timestamp":1586637170890000,"traceId":23}]
11-Apr-2020 14:32:51.719 INFORMACIÓN [http-nio-8081-exec-5] org.apache.geronimo.microprofile.opentracing.microprofile.zipkin.ZipkinLogger.onZipkinSpan [{"annotations":[{"timestamp":1586637171712000,"value":"sr"},{"timestamp":1586637171719000,"value":"ss"}],"binaryAnnotations":[{"key":"http.status_code","type":3,"value":200},{"key":"component","type":6,"value":"jaxrs"},{"key":"span.kind","type":6,"value":"server"},{"key":"http.url","type":6,"value":"http://localhost:8081/restapi/health"},{"key":"http.method","type":6,"value":"GET"}],"duration":7000,"id":26,"kind":"SERVER","localEndpoint":{"ipv4":"127.0.0.1","port":8081,"serviceName":"FANY-PC_6936"},"name":"GET:org.apache.geronimo.microprofile.impl.health.cdi.CdiHealthChecksEndpoint.getChecks","parentId":0,"tags":{"http.status_code":"200","component":"jaxrs","http.url":"http://localhost:8081/restapi/health","http.method":"GET"},"timestamp":1586637171712000,"traceId":25}]
11-Apr-2020 14:32:52.243 INFORMACIÓN [http-nio-8081-exec-6] org.apache.geronimo.microprofile.opentracing.microprofile.zipkin.ZipkinLogger.onZipkinSpan [{"annotations":[{"timestamp":1586637172235000,"value":"sr"},{"timestamp":1586637172242000,"value":"ss"}],"binaryAnnotations":[{"key":"http.status_code","type":3,"value":200},{"key":"component","type":6,"value":"jaxrs"},{"key":"span.kind","type":6,"value":"server"},{"key":"http.url","type":6,"value":"http://localhost:8081/restapi/health"},{"key":"http.method","type":6,"value":"GET"}],"duration":7000,"id":28,"kind":"SERVER","localEndpoint":{"ipv4":"127.0.0.1","port":8081,"serviceName":"FANY-PC_6936"},"name":"GET:org.apache.geronimo.microprofile.impl.health.cdi.CdiHealthChecksEndpoint.getChecks","parentId":0,"tags":{"http.status_code":"200","component":"jaxrs","http.url":"http://localhost:8081/restapi/health","http.method":"GET"},"timestamp":1586637172235000,"traceId":27}]
11-Apr-2020 14:32:52.787 INFORMACIÓN [http-nio-8081-exec-7] org.apache.geronimo.microprofile.opentracing.microprofile.zipkin.ZipkinLogger.onZipkinSpan [{"annotations":[{"timestamp":1586637172779000,"value":"sr"},{"timestamp":1586637172786000,"value":"ss"}],"binaryAnnotations":[{"key":"http.status_code","type":3,"value":200},{"key":"component","type":6,"value":"jaxrs"},{"key":"span.kind","type":6,"value":"server"},{"key":"http.url","type":6,"value":"http://localhost:8081/restapi/health"},{"key":"http.method","type":6,"value":"GET"}],"duration":7000,"id":30,"kind":"SERVER","localEndpoint":{"ipv4":"127.0.0.1","port":8081,"serviceName":"FANY-PC_6936"},"name":"GET:org.apache.geronimo.microprofile.impl.health.cdi.CdiHealthChecksEndpoint.getChecks","parentId":0,"tags":{"http.status_code":"200","component":"jaxrs","http.url":"http://localhost:8081/restapi/health","http.method":"GET"},"timestamp":1586637172779000,"traceId":29}]
11-Apr-2020 14:32:53.280 INFORMACIÓN [http-nio-8081-exec-8] org.apache.geronimo.microprofile.opentracing.microprofile.zipkin.ZipkinLogger.onZipkinSpan [{"annotations":[{"timestamp":1586637173264000,"value":"sr"},{"timestamp":1586637173274000,"value":"ss"}],"binaryAnnotations":[{"key":"http.status_code","type":3,"value":200},{"key":"component","type":6,"value":"jaxrs"},{"key":"span.kind","type":6,"value":"server"},{"key":"http.url","type":6,"value":"http://localhost:8081/restapi/health"},{"key":"http.method","type":6,"value":"GET"}],"duration":10000,"id":32,"kind":"SERVER","localEndpoint":{"ipv4":"127.0.0.1","port":8081,"serviceName":"FANY-PC_6936"},"name":"GET:org.apache.geronimo.microprofile.impl.health.cdi.CdiHealthChecksEndpoint.getChecks","parentId":0,"tags":{"http.status_code":"200","component":"jaxrs","http.url":"http://localhost:8081/restapi/health","http.method":"GET"},"timestamp":1586637173264000,"traceId":31}]
11-Apr-2020 14:32:53.745 INFORMACIÓN [http-nio-8081-exec-9] org.apache.geronimo.microprofile.opentracing.microprofile.zipkin.ZipkinLogger.onZipkinSpan [{"annotations":[{"timestamp":1586637173715000,"value":"sr"},{"timestamp":1586637173745000,"value":"ss"}],"binaryAnnotations":[{"key":"http.status_code","type":3,"value":200},{"key":"component","type":6,"value":"jaxrs"},{"key":"span.kind","type":6,"value":"server"},{"key":"http.url","type":6,"value":"http://localhost:8081/restapi/health"},{"key":"http.method","type":6,"value":"GET"}],"duration":30000,"id":34,"kind":"SERVER","localEndpoint":{"ipv4":"127.0.0.1","port":8081,"serviceName":"FANY-PC_6936"},"name":"GET:org.apache.geronimo.microprofile.impl.health.cdi.CdiHealthChecksEndpoint.getChecks","parentId":0,"tags":{"http.status_code":"200","component":"jaxrs","http.url":"http://localhost:8081/restapi/health","http.method":"GET"},"timestamp":1586637173715000,"traceId":33}]
11-Apr-2020 14:33:03.328 INFORMACIÓN [http-nio-8081-exec-10] org.apache.geronimo.microprofile.opentracing.microprofile.zipkin.ZipkinLogger.onZipkinSpan [{"annotations":[{"timestamp":1586637183314000,"value":"sr"},{"timestamp":1586637183328000,"value":"ss"}],"binaryAnnotations":[{"key":"http.status_code","type":3,"value":200},{"key":"component","type":6,"value":"jaxrs"},{"key":"span.kind","type":6,"value":"server"},{"key":"http.url","type":6,"value":"http://localhost:8081/restapi/health"},{"key":"http.method","type":6,"value":"GET"}],"duration":14000,"id":36,"kind":"SERVER","localEndpoint":{"ipv4":"127.0.0.1","port":8081,"serviceName":"FANY-PC_6936"},"name":"GET:org.apache.geronimo.microprofile.impl.health.cdi.CdiHealthChecksEndpoint.getChecks","parentId":0,"tags":{"http.status_code":"200","component":"jaxrs","http.url":"http://localhost:8081/restapi/health","http.method":"GET"},"timestamp":1586637183314000,"traceId":35}]
11-Apr-2020 14:33:04.358 INFORMACIÓN [http-nio-8081-exec-2] org.apache.geronimo.microprofile.opentracing.microprofile.zipkin.ZipkinLogger.onZipkinSpan [{"annotations":[{"timestamp":1586637184350000,"value":"sr"},{"timestamp":1586637184358000,"value":"ss"}],"binaryAnnotations":[{"key":"http.status_code","type":3,"value":200},{"key":"component","type":6,"value":"jaxrs"},{"key":"span.kind","type":6,"value":"server"},{"key":"http.url","type":6,"value":"http://localhost:8081/restapi/health"},{"key":"http.method","type":6,"value":"GET"}],"duration":8000,"id":38,"kind":"SERVER","localEndpoint":{"ipv4":"127.0.0.1","port":8081,"serviceName":"FANY-PC_6936"},"name":"GET:org.apache.geronimo.microprofile.impl.health.cdi.CdiHealthChecksEndpoint.getChecks","parentId":0,"tags":{"http.status_code":"200","component":"jaxrs","http.url":"http://localhost:8081/restapi/health","http.method":"GET"},"timestamp":1586637184350000,"traceId":37}]
11-Apr-2020 14:33:05.219 INFORMACIÓN [http-nio-8081-exec-1] org.apache.geronimo.microprofile.opentracing.microprofile.zipkin.ZipkinLogger.onZipkinSpan [{"annotations":[{"timestamp":1586637185212000,"value":"sr"},{"timestamp":1586637185219000,"value":"ss"}],"binaryAnnotations":[{"key":"http.status_code","type":3,"value":200},{"key":"component","type":6,"value":"jaxrs"},{"key":"span.kind","type":6,"value":"server"},{"key":"http.url","type":6,"value":"http://localhost:8081/restapi/health"},{"key":"http.method","type":6,"value":"GET"}],"duration":7000,"id":40,"kind":"SERVER","localEndpoint":{"ipv4":"127.0.0.1","port":8081,"serviceName":"FANY-PC_6936"},"name":"GET:org.apache.geronimo.microprofile.impl.health.cdi.CdiHealthChecksEndpoint.getChecks","parentId":0,"tags":{"http.status_code":"200","component":"jaxrs","http.url":"http://localhost:8081/restapi/health","http.method":"GET"},"timestamp":1586637185212000,"traceId":39}]
11-Apr-2020 14:33:05.931 INFORMACIÓN [http-nio-8081-exec-3] org.apache.geronimo.microprofile.opentracing.microprofile.zipkin.ZipkinLogger.onZipkinSpan [{"annotations":[{"timestamp":1586637185924000,"value":"sr"},{"timestamp":1586637185931000,"value":"ss"}],"binaryAnnotations":[{"key":"http.status_code","type":3,"value":200},{"key":"component","type":6,"value":"jaxrs"},{"key":"span.kind","type":6,"value":"server"},{"key":"http.url","type":6,"value":"http://localhost:8081/restapi/health"},{"key":"http.method","type":6,"value":"GET"}],"duration":7000,"id":42,"kind":"SERVER","localEndpoint":{"ipv4":"127.0.0.1","port":8081,"serviceName":"FANY-PC_6936"},"name":"GET:org.apache.geronimo.microprofile.impl.health.cdi.CdiHealthChecksEndpoint.getChecks","parentId":0,"tags":{"http.status_code":"200","component":"jaxrs","http.url":"http://localhost:8081/restapi/health","http.method":"GET"},"timestamp":1586637185924000,"traceId":41}]
11-Apr-2020 16:58:54.631 INFORMACIÓN [main] sun.reflect.DelegatingMethodAccessorImpl.invoke Se ha recibido un comando de apagado a través del puerto de apagado. Parando la instancia del Servidor.
11-Apr-2020 16:58:54.632 INFORMACIÓN [main] sun.reflect.DelegatingMethodAccessorImpl.invoke Pausing ProtocolHandler ["http-nio-8081"]
11-Apr-2020 16:58:54.956 INFORMACIÓN [main] sun.reflect.DelegatingMethodAccessorImpl.invoke Pausing ProtocolHandler ["ajp-nio-8009"]
11-Apr-2020 16:58:55.273 INFORMACIÓN [main] sun.reflect.DelegatingMethodAccessorImpl.invoke Parando servicio [Catalina]
11-Apr-2020 16:58:55.292 INFORMACIÓN [main] org.apache.openejb.assembler.classic.Assembler.destroyApplication Undeploying app: C:\Users\FanyGmz\eclipse-workplace\book-store-client\target\apache-tomee\webapps\restapi
11-Apr-2020 16:58:55.524 INFORMACIÓN [main] sun.reflect.DelegatingMethodAccessorImpl.invoke Stopping ProtocolHandler ["http-nio-8081"]
11-Apr-2020 16:58:55.527 INFORMACIÓN [main] sun.reflect.DelegatingMethodAccessorImpl.invoke Stopping ProtocolHandler ["ajp-nio-8009"]
11-Apr-2020 16:58:55.530 INFORMACIÓN [main] org.apache.openejb.server.SimpleServiceManager.stop Stopping server services
11-Apr-2020 16:58:55.548 INFORMACIÓN [main] sun.reflect.DelegatingMethodAccessorImpl.invoke Destroying ProtocolHandler ["http-nio-8081"]
11-Apr-2020 16:58:55.550 INFORMACIÓN [main] sun.reflect.DelegatingMethodAccessorImpl.invoke Destroying ProtocolHandler ["ajp-nio-8009"]
